Compiling the C compiler identification source file "CMakeCCompilerId.c" failed.
Compiler: /usr/local/bin/gcc-7 
Build flags: 
Id flags:  

The output was:
1
ld: library not found for -lSystem
collect2: error: ld returned 1 exit status


Compiling the CXX compiler identification source file "CMakeCXXCompilerId.cpp" failed.
Compiler: /usr/local/bin/g++-7 
Build flags: 
Id flags:  

The output was:
1
ld: library not found for -lSystem
collect2: error: ld returned 1 exit status


Determining if the C compiler works failed with the following output:
Change Dir: /Users/danielsampetethiyagu/github/RL_CS687/hw4_v2/build/CLion/CMakeFiles/CMakeTmp

Run Build Command:"/usr/bin/make" "cmTC_6bb6d/fast"
/Applications/Xcode.app/Contents/Developer/usr/bin/make -f CMakeFiles/cmTC_6bb6d.dir/build.make CMakeFiles/cmTC_6bb6d.dir/build
Building C object CMakeFiles/cmTC_6bb6d.dir/testCCompiler.c.o
/usr/local/bin/gcc-7    -o CMakeFiles/cmTC_6bb6d.dir/testCCompiler.c.o   -c /Users/danielsampetethiyagu/github/RL_CS687/hw4_v2/build/CLion/CMakeFiles/CMakeTmp/testCCompiler.c
Linking C executable cmTC_6bb6d
/Applications/CLion.app/Contents/bin/cmake/bin/cmake -E cmake_link_script CMakeFiles/cmTC_6bb6d.dir/link.txt --verbose=1
/usr/local/bin/gcc-7   -Wl,-search_paths_first -Wl,-headerpad_max_install_names   CMakeFiles/cmTC_6bb6d.dir/testCCompiler.c.o  -o cmTC_6bb6d 
ld: library not found for -lSystem
collect2: error: ld returned 1 exit status
make[1]: *** [cmTC_6bb6d] Error 1
make: *** [cmTC_6bb6d/fast] Error 2


Compiling the C compiler identification source file "CMakeCCompilerId.c" failed.
Compiler: /usr/local/bin/gcc-7 
Build flags: 
Id flags:  

The output was:
1
ld: library not found for -lSystem
collect2: error: ld returned 1 exit status


Compiling the CXX compiler identification source file "CMakeCXXCompilerId.cpp" failed.
Compiler: /usr/local/bin/g++-7 
Build flags: 
Id flags:  

The output was:
1
ld: library not found for -lSystem
collect2: error: ld returned 1 exit status


Determining if the C compiler works failed with the following output:
Change Dir: /Users/danielsampetethiyagu/github/RL_CS687/hw4_v2/build/CLion/CMakeFiles/CMakeTmp

Run Build Command:"/usr/bin/make" "cmTC_d014f/fast"
/Applications/Xcode.app/Contents/Developer/usr/bin/make -f CMakeFiles/cmTC_d014f.dir/build.make CMakeFiles/cmTC_d014f.dir/build
Building C object CMakeFiles/cmTC_d014f.dir/testCCompiler.c.o
/usr/local/bin/gcc-7    -o CMakeFiles/cmTC_d014f.dir/testCCompiler.c.o   -c /Users/danielsampetethiyagu/github/RL_CS687/hw4_v2/build/CLion/CMakeFiles/CMakeTmp/testCCompiler.c
Linking C executable cmTC_d014f
/Applications/CLion.app/Contents/bin/cmake/bin/cmake -E cmake_link_script CMakeFiles/cmTC_d014f.dir/link.txt --verbose=1
/usr/local/bin/gcc-7   -Wl,-search_paths_first -Wl,-headerpad_max_install_names   CMakeFiles/cmTC_d014f.dir/testCCompiler.c.o  -o cmTC_d014f 
ld: library not found for -lSystem
collect2: error: ld returned 1 exit status
make[1]: *** [cmTC_d014f] Error 1
make: *** [cmTC_d014f/fast] Error 2


Compiling the C compiler identification source file "CMakeCCompilerId.c" failed.
Compiler: /usr/local/bin/gcc-7 
Build flags: 
Id flags:  

The output was:
1
ld: library not found for -lSystem
collect2: error: ld returned 1 exit status


Compiling the CXX compiler identification source file "CMakeCXXCompilerId.cpp" failed.
Compiler: /usr/local/bin/g++-7 
Build flags: 
Id flags:  

The output was:
1
ld: library not found for -lSystem
collect2: error: ld returned 1 exit status


Determining if the C compiler works failed with the following output:
Change Dir: /Users/danielsampetethiyagu/github/RL_CS687/hw4_v2/build/CLion/CMakeFiles/CMakeTmp

Run Build Command:"/usr/bin/make" "cmTC_c5541/fast"
/Applications/Xcode.app/Contents/Developer/usr/bin/make -f CMakeFiles/cmTC_c5541.dir/build.make CMakeFiles/cmTC_c5541.dir/build
Building C object CMakeFiles/cmTC_c5541.dir/testCCompiler.c.o
/usr/local/bin/gcc-7    -o CMakeFiles/cmTC_c5541.dir/testCCompiler.c.o   -c /Users/danielsampetethiyagu/github/RL_CS687/hw4_v2/build/CLion/CMakeFiles/CMakeTmp/testCCompiler.c
Linking C executable cmTC_c5541
/Applications/CLion.app/Contents/bin/cmake/bin/cmake -E cmake_link_script CMakeFiles/cmTC_c5541.dir/link.txt --verbose=1
/usr/local/bin/gcc-7   -Wl,-search_paths_first -Wl,-headerpad_max_install_names   CMakeFiles/cmTC_c5541.dir/testCCompiler.c.o  -o cmTC_c5541 
ld: library not found for -lSystem
collect2: error: ld returned 1 exit status
make[1]: *** [cmTC_c5541] Error 1
make: *** [cmTC_c5541/fast] Error 2


